_apt:/nonexistent
avahi:/run/avahi-daemon
backup:/var/backups
bin:/bin
colord:/var/lib/colord
cups-browsed:/nonexistent
cups-pk-helper:/nonexistent
daemon:/usr/sbin
dhcpcd:/usr/lib/dhcpcd
dnsmasq:/var/lib/misc
fwupd-refresh:/var/lib/fwupd
games:/usr/games
gdm:/var/lib/gdm3
geoclue:/var/lib/geoclue
gnome-initial-setup:/run/gnome-initial-setup/
gnome-remote-desktop:/var/lib/gnome-remote-desktop
hplip:/run/hplip
irc:/run/ircd
kernoops:/
list:/var/list
lp:/var/spool/lpd
mail:/var/mail
man:/var/cache/man
messagebus:/nonexistent
news:/var/spool/news
nm-openvpn:/var/lib/openvpn/chroot
nobody:/nonexistent
polkitd:/
proxy:/bin
root:/root
rtkit:/proc
saned:/var/lib/saned
speech-dispatcher:/run/speech-dispatcher
sssd:/var/lib/sss
sync:/bin
sys:/dev
syslog:/nonexistent
systemd-network:/
systemd-oom:/
systemd-resolve:/
systemd-timesync:/
tcpdump:/nonexistent
tss:/var/lib/tpm
usbmux:/var/lib/usbmux
uucp:/var/spool/uucp
uuidd:/run/uuidd
vboxuser:/home/vboxuser
whoopsie:/nonexistent
www-data:/var/www
